<?xml version="1.0" encoding="UTF-8"?>
<!-- Generated by org.testng.reporters.JUnitReportReporter -->
<testsuite hostname="LE15-AHA5-1IND" failures="0" tests="3" name="test.day7" time="0.026" errors="0" timestamp="2023-11-15T11:51:09 IST" skipped="0">
  <testcase classname="test.day7" name="MobileSignoutCarLoan" time="0.003"/>
  <testcase classname="test.day7" name="MobileSignoutCarLoan" time="0.020"/>
  <testcase classname="test.day7" name="MobileSignoutCarLoan" time="0.003"/>
</testsuite> <!-- test.day7 -->
