<?xml version="1.0" encoding="UTF-8"?>
<!-- Generated by org.testng.reporters.JUnitReportReporter -->
<testsuite hostname="LE15-AHA5-1IND" failures="0" tests="1" name="ExtentReport.Test1" time="17.194" errors="0" timestamp="2023-11-17T21:27:40 IST" skipped="0">
  <testcase classname="ExtentReport.Test1" name="UC1" time="17.194"/>
</testsuite> <!-- ExtentReport.Test1 -->
