<?xml version="1.0" encoding="UTF-8"?>
<!-- Generated by org.testng.reporters.JUnitReportReporter -->
<testsuite hostname="LE15-AHA5-1IND" failures="0" tests="2" name="test.day1" time="0.013" errors="0" timestamp="2023-11-11T15:53:16 IST" skipped="0">
  <testcase classname="test.day1" name="Demo" time="0.011"/>
  <testcase classname="test.day1" name="SecondTest" time="0.002"/>
</testsuite> <!-- test.day1 -->
