<?xml version="1.0" encoding="UTF-8"?>
<!-- Generated by org.testng.reporters.JUnitReportReporter -->
<testsuite hostname="LE15-AHA5-1IND" failures="0" tests="1" name="test.day4" time="0.001" errors="0" timestamp="2023-11-11T15:18:51 IST" skipped="0">
  <testcase classname="test.day4" name="WebloginHomeLoan" time="0.001"/>
</testsuite> <!-- test.day4 -->
