<?xml version="1.0" encoding="UTF-8"?>
<!-- Generated by org.testng.reporters.JUnitReportReporter -->
<testsuite hostname="LE15-AHA5-1IND" failures="0" tests="2" name="test.day3" time="0.012" errors="0" timestamp="2023-11-11T15:18:51 IST" skipped="0">
  <testcase classname="test.day3" name="APIloginCarLoan" time="0.010"/>
  <testcase classname="test.day3" name="MobileloginCarLoan" time="0.002"/>
</testsuite> <!-- test.day3 -->
