<?xml version="1.0" encoding="UTF-8"?>
<!-- Generated by org.testng.reporters.JUnitReportReporter -->
<testsuite hostname="LE15-AHA5-1IND" failures="0" tests="5" name="test.day5" time="0.012" errors="0" timestamp="2023-11-15T11:51:09 IST" skipped="0">
  <testcase classname="test.day5" name="MobileloginCarLoan" time="0.002"/>
  <testcase classname="test.day5" name="APIloginCarLoan" time="0.004"/>
  <testcase classname="test.day5" name="MobileSignoutCarLoan" time="0.002"/>
  <testcase classname="test.day5" name="MobileSigninCarLoan" time="0.002"/>
  <testcase classname="test.day5" name="WebloginCarLoan" time="0.002"/>
</testsuite> <!-- test.day5 -->
