<?xml version="1.0" encoding="UTF-8"?>
<!-- Generated by org.testng.reporters.JUnitReportReporter -->
<testsuite hostname="LE15-AHA5-1IND" failures="0" tests="2" name="test.day1" time="0.094" errors="0" timestamp="2023-11-17T09:06:15 IST" skipped="0">
  <testcase classname="test.day1" name="SecondTest" time="0.070"/>
  <testcase classname="test.day1" name="Demo" time="0.024"/>
</testsuite> <!-- test.day1 -->
